<?xml version="1.0" encoding="UTF-8"?>
<testsuite xmlns:xsi="http://www.w3.org/2001/XMLSchema-instance" xsi:noNamespaceSchemaLocation="https://maven.apache.org/surefire/maven-surefire-plugin/xsd/surefire-test-report.xsd" name="edu.brandeis.cosi103a.ip2.SupplyTest" time="0" tests="9" errors="0" skipped="0" failures="0">
  <properties>
[...]
</properties>
  <testcase name="testGetNonexistentCard" classname="edu.brandeis.cosi103a.ip2.SupplyTest" time="0"/>
  <testcase name="testSupplyInitialization" classname="edu.brandeis.cosi103a.ip2.SupplyTest" time="0"/>
  <testcase name="testGetCard" classname="edu.brandeis.cosi103a.ip2.SupplyTest" time="0"/>
  <testcase name="testGetAvailableCards" classname="edu.brandeis.cosi103a.ip2.SupplyTest" time="0"/>
  <testcase name="testIsAvailable" classname="edu.brandeis.cosi103a.ip2.SupplyTest" time="0"/>
  <testcase name="testBuyCard" classname="edu.brandeis.cosi103a.ip2.SupplyTest" time="0"/>
  <testcase name="testAreAllFrameworksGone" classname="edu.brandeis.cosi103a.ip2.SupplyTest" time="0"/>
  <testcase name="testBuyCardOutOfStock" classname="edu.brandeis.cosi103a.ip2.SupplyTest" time="0"/>
  <testcase name="testBuyNonexistentCard" classname="edu.brandeis.cosi103a.ip2.SupplyTest" time="0"/>
</testsuite>